<?xml version="1.0" encoding="UTF-8"?>
<testng-results skipped="0" failed="1" ignored="0" total="2" passed="1">
  <reporter-output>
  </reporter-output>
  <suite name="Suite" duration-ms="86352" started-at="2020-11-20T05:18:12Z" finished-at="2020-11-20T05:19:39Z">
    <groups>
    </groups>
    <test name="Test" duration-ms="86352" started-at="2020-11-20T05:18:12Z" finished-at="2020-11-20T05:19:39Z">
      <class name="org.com.test.Testrunner">
        <test-method status="PASS" signature="setUpClass()[pri:0, instance:org.com.test.Testrunner@42a48628]" name="setUpClass" is-config="true" duration-ms="166" started-at="2020-11-20T05:18:12Z" finished-at="2020-11-20T05:18:12Z">
          <reporter-output>
          </reporter-output>
        </test-method> <!-- setUpClass -->
        <test-method status="PASS" signature="feature(cucumber.api.testng.PickleEventWrapper, cucumber.api.testng.CucumberFeatureWrapper)[pri:0, instance:org.com.test.Testrunner@42a48628]" name="feature" duration-ms="28818" started-at="2020-11-20T05:18:12Z" data-provider="features" finished-at="2020-11-20T05:18:41Z">
          <params>
            <param index="0">
              <value>
                <![CDATA["To Verify Ninja page is displayed"]]>
              </value>
            </param>
            <param index="1">
              <value>
                <![CDATA["Tutorials Ninja Page Check"]]>
              </value>
            </param>
          </params>
          <reporter-output>
          </reporter-output>
        </test-method> <!-- feature -->
        <test-method status="FAIL" signature="feature(cucumber.api.testng.PickleEventWrapper, cucumber.api.testng.CucumberFeatureWrapper)[pri:0, instance:org.com.test.Testrunner@42a48628]" name="feature" duration-ms="49933" started-at="2020-11-20T05:18:43Z" data-provider="features" finished-at="2020-11-20T05:19:33Z">
          <params>
            <param index="0">
              <value>
                <![CDATA["To Register user"]]>
              </value>
            </param>
            <param index="1">
              <value>
                <![CDATA["Tutorials Ninja Page Check"]]>
              </value>
            </param>
          </params>
          <exception class="java.lang.AssertionError">
            <message>
              <![CDATA[expected [Your Account Has Been Created!] but found [Register Account]]]>
            </message>
            <full-stacktrace>
              <![CDATA[java.lang.AssertionError: expected [Your Account Has Been Created!] but found [Register Account]
at org.testng.Assert.fail(Assert.java:96)
at org.testng.Assert.failNotEquals(Assert.java:776)
at org.testng.Assert.assertEqualsImpl(Assert.java:137)
at org.testng.Assert.assertEquals(Assert.java:118)
at org.testng.Assert.assertEquals(Assert.java:453)
at org.testng.Assert.assertEquals(Assert.java:463)
at Step_defs.Stepdefs.user_is_on_the_account_confirmation_page(Stepdefs.java:67)
at âœ½.User is on the Account confirmation page(./Features/first.feature:16)
]]>
            </full-stacktrace>
          </exception> <!-- java.lang.AssertionError -->
          <reporter-output>
          </reporter-output>
        </test-method> <!-- feature -->
        <test-method status="PASS" signature="tearDownClass()[pri:0, instance:org.com.test.Testrunner@42a48628]" name="tearDownClass" is-config="true" duration-ms="373" started-at="2020-11-20T05:19:38Z" finished-at="2020-11-20T05:19:39Z">
          <reporter-output>
          </reporter-output>
        </test-method> <!-- tearDownClass -->
      </class> <!-- org.com.test.Testrunner -->
    </test> <!-- Test -->
  </suite> <!-- Suite -->
</testng-results>
